0 info it worked if it ends with ok
1 verbose cli [ '/Users/xuzhao/.nvm/versions/node/v6.9.1/bin/node',
1 verbose cli   '/Users/xuzhao/.nvm/versions/node/v6.9.1/bin/npm',
1 verbose cli   'run',
1 verbose cli   'build' ]
2 info using npm@3.10.8
3 info using node@v6.9.1
4 verbose run-script [ 'prebuild', 'build', 'postbuild' ]
5 info lifecycle blog@1.0.0~prebuild: blog@1.0.0
6 silly lifecycle blog@1.0.0~prebuild: no script for prebuild, continuing
7 info lifecycle blog@1.0.0~build: blog@1.0.0
8 verbose lifecycle blog@1.0.0~build: unsafe-perm in lifecycle true
9 verbose lifecycle blog@1.0.0~build: PATH: /Users/xuzhao/.nvm/versions/node/v6.9.1/lib/node_modules/npm/bin/node-gyp-bin:/Users/xuzhao/xz/git/blog/angular-blog/node_modules/.bin:/Users/xuzhao/.nvm/versions/node/v6.9.1/bin:/usr/local/bin:/usr/bin:/bin:/usr/sbin:/sbin
10 verbose lifecycle blog@1.0.0~build: CWD: /Users/xuzhao/xz/git/blog/angular-blog
11 silly lifecycle blog@1.0.0~build: Args: [ '-c', 'npm run dev' ]
12 silly lifecycle blog@1.0.0~build: Returned: code: 1  signal: null
13 info lifecycle blog@1.0.0~build: Failed to exec build script
14 verbose stack Error: blog@1.0.0 build: `npm run dev`
14 verbose stack Exit status 1
14 verbose stack     at EventEmitter.<anonymous> (/Users/xuzhao/.nvm/versions/node/v6.9.1/lib/node_modules/npm/lib/utils/lifecycle.js:255:16)
14 verbose stack     at emitTwo (events.js:106:13)
14 verbose stack     at EventEmitter.emit (events.js:191:7)
14 verbose stack     at ChildProcess.<anonymous> (/Users/xuzhao/.nvm/versions/node/v6.9.1/lib/node_modules/npm/lib/utils/spawn.js:40:14)
14 verbose stack     at emitTwo (events.js:106:13)
14 verbose stack     at ChildProcess.emit (events.js:191:7)
14 verbose stack     at maybeClose (internal/child_process.js:877:16)
14 verbose stack     at Process.ChildProcess._handle.onexit (internal/child_process.js:226:5)
15 verbose pkgid blog@1.0.0
16 verbose cwd /Users/xuzhao/xz/git/blog/angular-blog
17 error Darwin 15.4.0
18 error argv "/Users/xuzhao/.nvm/versions/node/v6.9.1/bin/node" "/Users/xuzhao/.nvm/versions/node/v6.9.1/bin/npm" "run" "build"
19 error node v6.9.1
20 error npm  v3.10.8
21 error code ELIFECYCLE
22 error blog@1.0.0 build: `npm run dev`
22 error Exit status 1
23 error Failed at the blog@1.0.0 build script 'npm run dev'.
23 error Make sure you have the latest version of node.js and npm installed.
23 error If you do, this is most likely a problem with the blog package,
23 error not with npm itself.
23 error Tell the author that this fails on your system:
23 error     npm run dev
23 error You can get information on how to open an issue for this project with:
23 error     npm bugs blog
23 error Or if that isn't available, you can get their info via:
23 error     npm owner ls blog
23 error There is likely additional logging output above.
24 verbose exit [ 1, true ]
